# JRE version: OpenJDK Runtime Environment Temurin-21.0.9+10 (21.0.9+10) (build 21.0.9+10-LTS)
# Java VM: OpenJDK 64-Bit Server VM Temurin-21.0.9+10 (21.0.9+10-LTS, mixed mode, sharing, tiered, compressed oops, compressed class ptrs, parallel gc, windows-amd64)
GC Precious Log:
 CardTable entry size: 512
 CPUs: 16 total, 16 available
 Memory: 15789M
 Large Page Support: Disabled
 NUMA Support: Disabled
 Compressed Oops: Enabled (32-bit)
 Alignments: Space 512K, Generation 512K, Heap 2M
 Heap Min Capacity: 100M
 Heap Initial Capacity: 100M
 Heap Max Capacity: 2G
 Pre-touch: Disabled
 Parallel Workers: 13
Heap:
 PSYoungGen      total 21504K, used 18759K [0x00000000d5580000, 0x00000000d6c00000, 0x0000000100000000)
  eden space 20992K, 87% used [0x00000000d5580000,0x00000000d6769f78,0x00000000d6a00000)
  from space 512K, 81% used [0x00000000d6a80000,0x00000000d6ae8000,0x00000000d6b00000)
  to   space 1024K, 0% used [0x00000000d6b00000,0x00000000d6b00000,0x00000000d6c00000)
 ParOldGen       total 68608K, used 41459K [0x0000000080000000, 0x0000000084300000, 0x00000000d5580000)
  object space 68608K, 60% used [0x0000000080000000,0x000000008287ce58,0x0000000084300000)
 Metaspace       used 63545K, committed 64960K, reserved 1114112K
  class space    used 8072K, committed 8704K, reserved 1048576K
GC Heap History (20 events):
Event: 14.320 GC heap before
{Heap before GC invocations=36 (full 3):
 PSYoungGen      total 21504K, used 21504K [0x00000000d5580000, 0x00000000d6d80000, 0x0000000100000000)
  eden space 20992K, 100% used [0x00000000d5580000,0x00000000d6a00000,0x00000000d6a00000)
  from space 512K, 100% used [0x00000000d6d00000,0x00000000d6d80000,0x00000000d6d80000)
  to   space 1024K, 0% used [0x00000000d6b80000,0x00000000d6b80000,0x00000000d6c80000)
 ParOldGen       total 68608K, used 38512K [0x0000000080000000, 0x0000000084300000, 0x00000000d5580000)
  object space 68608K, 56% used [0x0000000080000000,0x000000008259c338,0x0000000084300000)
 Metaspace       used 60263K, committed 61568K, reserved 1114112K
  class space    used 7604K, committed 8192K, reserved 1048576K
}
Event: 14.320 GC heap after
{Heap after GC invocations=36 (full 3):
 PSYoungGen      total 22016K, used 1016K [0x00000000d5580000, 0x00000000d6e00000, 0x0000000100000000)
  eden space 20992K, 0% used [0x00000000d5580000,0x00000000d5580000,0x00000000d6a00000)
  from space 1024K, 99% used [0x00000000d6b80000,0x00000000d6c7e0f0,0x00000000d6c80000)
  to   space 1536K, 0% used [0x00000000d6c80000,0x00000000d6c80000,0x00000000d6e00000)
 ParOldGen       total 68608K, used 39218K [0x0000000080000000, 0x0000000084300000, 0x00000000d5580000)
  object space 68608K, 57% used [0x0000000080000000,0x000000008264c8b0,0x0000000084300000)
 Metaspace       used 60263K, committed 61568K, reserved 1114112K
  class space    used 7604K, committed 8192K, reserved 1048576K
}
Event: 14.573 GC heap before
{Heap before GC invocations=37 (full 3):
 PSYoungGen      total 22016K, used 22008K [0x00000000d5580000, 0x00000000d6e00000, 0x0000000100000000)
  eden space 20992K, 100% used [0x00000000d5580000,0x00000000d6a00000,0x00000000d6a00000)
  from space 1024K, 99% used [0x00000000d6b80000,0x00000000d6c7e0f0,0x00000000d6c80000)
  to   space 1536K, 0% used [0x00000000d6c80000,0x00000000d6c80000,0x00000000d6e00000)
 ParOldGen       total 68608K, used 39218K [0x0000000080000000, 0x0000000084300000, 0x00000000d5580000)
  object space 68608K, 57% used [0x0000000080000000,0x000000008264c8b0,0x0000000084300000)
 Metaspace       used 60263K, committed 61568K, reserved 1114112K
  class space    used 7604K, committed 8192K, reserved 1048576K
}
Event: 14.574 GC heap after
{Heap after GC invocations=37 (full 3):
 PSYoungGen      total 22016K, used 924K [0x00000000d5580000, 0x00000000d6d80000, 0x0000000100000000)
  eden space 20992K, 0% used [0x00000000d5580000,0x00000000d5580000,0x00000000d6a00000)
  from space 1024K, 90% used [0x00000000d6c80000,0x00000000d6d67148,0x00000000d6d80000)
  to   space 1536K, 0% used [0x00000000d6a80000,0x00000000d6a80000,0x00000000d6c00000)
 ParOldGen       total 68608K, used 39434K [0x0000000080000000, 0x0000000084300000, 0x00000000d5580000)
  object space 68608K, 57% used [0x0000000080000000,0x00000000826828b0,0x0000000084300000)
 Metaspace       used 60263K, committed 61568K, reserved 1114112K
  class space    used 7604K, committed 8192K, reserved 1048576K
}
Event: 14.811 GC heap before
{Heap before GC invocations=38 (full 3):
 PSYoungGen      total 22016K, used 21916K [0x00000000d5580000, 0x00000000d6d80000, 0x0000000100000000)
  eden space 20992K, 100% used [0x00000000d5580000,0x00000000d6a00000,0x00000000d6a00000)
  from space 1024K, 90% used [0x00000000d6c80000,0x00000000d6d67148,0x00000000d6d80000)
  to   space 1536K, 0% used [0x00000000d6a80000,0x00000000d6a80000,0x00000000d6c00000)
 ParOldGen       total 68608K, used 39434K [0x0000000080000000, 0x0000000084300000, 0x00000000d5580000)
  object space 68608K, 57% used [0x0000000080000000,0x00000000826828b0,0x0000000084300000)
 Metaspace       used 60263K, committed 61568K, reserved 1114112K
  class space    used 7604K, committed 8192K, reserved 1048576K
}
Event: 14.812 GC heap after
{Heap after GC invocations=38 (full 3):
 PSYoungGen      total 22528K, used 865K [0x00000000d5580000, 0x00000000d6d00000, 0x0000000100000000)
  eden space 20992K, 0% used [0x00000000d5580000,0x00000000d5580000,0x00000000d6a00000)
  from space 1536K, 56% used [0x00000000d6a80000,0x00000000d6b58640,0x00000000d6c00000)
  to   space 1024K, 0% used [0x00000000d6c00000,0x00000000d6c00000,0x00000000d6d00000)
 ParOldGen       total 68608K, used 39506K [0x0000000080000000, 0x0000000084300000, 0x00000000d5580000)
  object space 68608K, 57% used [0x0000000080000000,0x00000000826948b0,0x0000000084300000)
 Metaspace       used 60263K, committed 61568K, reserved 1114112K
  class space    used 7604K, committed 8192K, reserved 1048576K
}
Event: 15.075 GC heap before
{Heap before GC invocations=39 (full 3):
 PSYoungGen      total 22528K, used 21857K [0x00000000d5580000, 0x00000000d6d00000, 0x0000000100000000)
  eden space 20992K, 100% used [0x00000000d5580000,0x00000000d6a00000,0x00000000d6a00000)
  from space 1536K, 56% used [0x00000000d6a80000,0x00000000d6b58640,0x00000000d6c00000)
  to   space 1024K, 0% used [0x00000000d6c00000,0x00000000d6c00000,0x00000000d6d00000)
 ParOldGen       total 68608K, used 39506K [0x0000000080000000, 0x0000000084300000, 0x00000000d5580000)
  object space 68608K, 57% used [0x0000000080000000,0x00000000826948b0,0x0000000084300000)
 Metaspace       used 60263K, committed 61568K, reserved 1114112K
  class space    used 7604K, committed 8192K, reserved 1048576K
}
Event: 15.075 GC heap after
{Heap after GC invocations=39 (full 3):
 PSYoungGen      total 22016K, used 528K [0x00000000d5580000, 0x00000000d6d00000, 0x0000000100000000)
  eden space 20992K, 0% used [0x00000000d5580000,0x00000000d5580000,0x00000000d6a00000)
  from space 1024K, 51% used [0x00000000d6c00000,0x00000000d6c84248,0x00000000d6d00000)
  to   space 1024K, 0% used [0x00000000d6b00000,0x00000000d6b00000,0x00000000d6c00000)
 ParOldGen       total 68608K, used 39546K [0x0000000080000000, 0x0000000084300000, 0x00000000d5580000)
  object space 68608K, 57% used [0x0000000080000000,0x000000008269e8b0,0x0000000084300000)
 Metaspace       used 60263K, committed 61568K, reserved 1114112K
  class space    used 7604K, committed 8192K, reserved 1048576K
}
Event: 15.341 GC heap before
{Heap before GC invocations=40 (full 3):
 PSYoungGen      total 22016K, used 21520K [0x00000000d5580000, 0x00000000d6d00000, 0x0000000100000000)
  eden space 20992K, 100% used [0x00000000d5580000,0x00000000d6a00000,0x00000000d6a00000)
  from space 1024K, 51% used [0x00000000d6c00000,0x00000000d6c84248,0x00000000d6d00000)
  to   space 1024K, 0% used [0x00000000d6b00000,0x00000000d6b00000,0x00000000d6c00000)
 ParOldGen       total 68608K, used 39546K [0x0000000080000000, 0x0000000084300000, 0x00000000d5580000)
  object space 68608K, 57% used [0x0000000080000000,0x000000008269e8b0,0x0000000084300000)
 Metaspace       used 60264K, committed 61568K, reserved 1114112K
  class space    used 7604K, committed 8192K, reserved 1048576K
}
Event: 15.342 GC heap after
{Heap after GC invocations=40 (full 3):
 PSYoungGen      total 22016K, used 557K [0x00000000d5580000, 0x00000000d6c80000, 0x0000000100000000)
  eden space 20992K, 0% used [0x00000000d5580000,0x00000000d5580000,0x00000000d6a00000)
  from space 1024K, 54% used [0x00000000d6b00000,0x00000000d6b8b420,0x00000000d6c00000)
  to   space 512K, 0% used [0x00000000d6c00000,0x00000000d6c00000,0x00000000d6c80000)
 ParOldGen       total 68608K, used 39610K [0x0000000080000000, 0x0000000084300000, 0x00000000d5580000)
  object space 68608K, 57% used [0x0000000080000000,0x00000000826ae8b0,0x0000000084300000)
 Metaspace       used 60264K, committed 61568K, reserved 1114112K
  class space    used 7604K, committed 8192K, reserved 1048576K
}
Event: 15.591 GC heap before
{Heap before GC invocations=41 (full 3):
 PSYoungGen      total 22016K, used 21549K [0x00000000d5580000, 0x00000000d6c80000, 0x0000000100000000)
  eden space 20992K, 100% used [0x00000000d5580000,0x00000000d6a00000,0x00000000d6a00000)
  from space 1024K, 54% used [0x00000000d6b00000,0x00000000d6b8b420,0x00000000d6c00000)
  to   space 512K, 0% used [0x00000000d6c00000,0x00000000d6c00000,0x00000000d6c80000)
 ParOldGen       total 68608K, used 39610K [0x0000000080000000, 0x0000000084300000, 0x00000000d5580000)
  object space 68608K, 57% used [0x0000000080000000,0x00000000826ae8b0,0x0000000084300000)
 Metaspace       used 60264K, committed 61568K, reserved 1114112K
  class space    used 7604K, committed 8192K, reserved 1048576K
}
Event: 15.592 GC heap after
{Heap after GC invocations=41 (full 3):
 PSYoungGen      total 21504K, used 416K [0x00000000d5580000, 0x00000000d6c80000, 0x0000000100000000)
  eden space 20992K, 0% used [0x00000000d5580000,0x00000000d5580000,0x00000000d6a00000)
  from space 512K, 81% used [0x00000000d6c00000,0x00000000d6c68000,0x00000000d6c80000)
  to   space 512K, 0% used [0x00000000d6b80000,0x00000000d6b80000,0x00000000d6c00000)
 ParOldGen       total 68608K, used 39658K [0x0000000080000000, 0x0000000084300000, 0x00000000d5580000)
  object space 68608K, 57% used [0x0000000080000000,0x00000000826ba8b0,0x0000000084300000)
 Metaspace       used 60264K, committed 61568K, reserved 1114112K
  class space    used 7604K, committed 8192K, reserved 1048576K
}
Event: 15.816 GC heap before
{Heap before GC invocations=42 (full 3):
 PSYoungGen      total 21504K, used 21408K [0x00000000d5580000, 0x00000000d6c80000, 0x0000000100000000)
  eden space 20992K, 100% used [0x00000000d5580000,0x00000000d6a00000,0x00000000d6a00000)
  from space 512K, 81% used [0x00000000d6c00000,0x00000000d6c68000,0x00000000d6c80000)
  to   space 512K, 0% used [0x00000000d6b80000,0x00000000d6b80000,0x00000000d6c00000)
 ParOldGen       total 68608K, used 39658K [0x0000000080000000, 0x0000000084300000, 0x00000000d5580000)
  object space 68608K, 57% used [0x0000000080000000,0x00000000826ba8b0,0x0000000084300000)
 Metaspace       used 60264K, committed 61568K, reserved 1114112K
  class space    used 7604K, committed 8192K, reserved 1048576K
}
Event: 15.817 GC heap after
{Heap after GC invocations=42 (full 3):
 PSYoungGen      total 21504K, used 416K [0x00000000d5580000, 0x00000000d6c80000, 0x0000000100000000)
  eden space 20992K, 0% used [0x00000000d5580000,0x00000000d5580000,0x00000000d6a00000)
  from space 512K, 81% used [0x00000000d6b80000,0x00000000d6be8000,0x00000000d6c00000)
  to   space 512K, 0% used [0x00000000d6c00000,0x00000000d6c00000,0x00000000d6c80000)
 ParOldGen       total 68608K, used 39774K [0x0000000080000000, 0x0000000084300000, 0x00000000d5580000)
  object space 68608K, 57% used [0x0000000080000000,0x00000000826d7980,0x0000000084300000)
 Metaspace       used 60264K, committed 61568K, reserved 1114112K
  class space    used 7604K, committed 8192K, reserved 1048576K
}
Event: 16.066 GC heap before
{Heap before GC invocations=43 (full 3):
 PSYoungGen      total 21504K, used 21408K [0x00000000d5580000, 0x00000000d6c80000, 0x0000000100000000)
  eden space 20992K, 100% used [0x00000000d5580000,0x00000000d6a00000,0x00000000d6a00000)
  from space 512K, 81% used [0x00000000d6b80000,0x00000000d6be8000,0x00000000d6c00000)
  to   space 512K, 0% used [0x00000000d6c00000,0x00000000d6c00000,0x00000000d6c80000)
 ParOldGen       total 68608K, used 39774K [0x0000000080000000, 0x0000000084300000, 0x00000000d5580000)
  object space 68608K, 57% used [0x0000000080000000,0x00000000826d7980,0x0000000084300000)
 Metaspace       used 60264K, committed 61568K, reserved 1114112K
  class space    used 7604K, committed 8192K, reserved 1048576K
}
Event: 16.066 GC heap after
{Heap after GC invocations=43 (full 3):
 PSYoungGen      total 21504K, used 500K [0x00000000d5580000, 0x00000000d6c80000, 0x0000000100000000)
  eden space 20992K, 0% used [0x00000000d5580000,0x00000000d5580000,0x00000000d6a00000)
  from space 512K, 97% used [0x00000000d6c00000,0x00000000d6c7d2a0,0x00000000d6c80000)
  to   space 1024K, 0% used [0x00000000d6a80000,0x00000000d6a80000,0x00000000d6b80000)
 ParOldGen       total 68608K, used 40091K [0x0000000080000000, 0x0000000084300000, 0x00000000d5580000)
  object space 68608K, 58% used [0x0000000080000000,0x0000000082726dd8,0x0000000084300000)
 Metaspace       used 60264K, committed 61568K, reserved 1114112K
  class space    used 7604K, committed 8192K, reserved 1048576K
}
Event: 16.294 GC heap before
{Heap before GC invocations=44 (full 3):
 PSYoungGen      total 21504K, used 21492K [0x00000000d5580000, 0x00000000d6c80000, 0x0000000100000000)
  eden space 20992K, 100% used [0x00000000d5580000,0x00000000d6a00000,0x00000000d6a00000)
  from space 512K, 97% used [0x00000000d6c00000,0x00000000d6c7d2a0,0x00000000d6c80000)
  to   space 1024K, 0% used [0x00000000d6a80000,0x00000000d6a80000,0x00000000d6b80000)
 ParOldGen       total 68608K, used 40091K [0x0000000080000000, 0x0000000084300000, 0x00000000d5580000)
  object space 68608K, 58% used [0x0000000080000000,0x0000000082726dd8,0x0000000084300000)
 Metaspace       used 62181K, committed 63552K, reserved 1114112K
  class space    used 7909K, committed 8576K, reserved 1048576K
}
Event: 16.295 GC heap after
{Heap after GC invocations=44 (full 3):
 PSYoungGen      total 22016K, used 816K [0x00000000d5580000, 0x00000000d6c80000, 0x0000000100000000)
  eden space 20992K, 0% used [0x00000000d5580000,0x00000000d5580000,0x00000000d6a00000)
  from space 1024K, 79% used [0x00000000d6a80000,0x00000000d6b4c020,0x00000000d6b80000)
  to   space 1024K, 0% used [0x00000000d6b80000,0x00000000d6b80000,0x00000000d6c80000)
 ParOldGen       total 68608K, used 40131K [0x0000000080000000, 0x0000000084300000, 0x00000000d5580000)
  object space 68608K, 58% used [0x0000000080000000,0x0000000082730dd8,0x0000000084300000)
 Metaspace       used 62181K, committed 63552K, reserved 1114112K
  class space    used 7909K, committed 8576K, reserved 1048576K
}
Event: 17.023 GC heap before
{Heap before GC invocations=45 (full 3):
 PSYoungGen      total 22016K, used 21808K [0x00000000d5580000, 0x00000000d6c80000, 0x0000000100000000)
  eden space 20992K, 100% used [0x00000000d5580000,0x00000000d6a00000,0x00000000d6a00000)
  from space 1024K, 79% used [0x00000000d6a80000,0x00000000d6b4c020,0x00000000d6b80000)
  to   space 1024K, 0% used [0x00000000d6b80000,0x00000000d6b80000,0x00000000d6c80000)
 ParOldGen       total 68608K, used 40131K [0x0000000080000000, 0x0000000084300000, 0x00000000d5580000)
  object space 68608K, 58% used [0x0000000080000000,0x0000000082730dd8,0x0000000084300000)
 Metaspace       used 63435K, committed 64768K, reserved 1114112K
  class space    used 8055K, committed 8640K, reserved 1048576K
}
Event: 17.024 GC heap after
{Heap after GC invocations=45 (full 3):
 PSYoungGen      total 22016K, used 864K [0x00000000d5580000, 0x00000000d6c80000, 0x0000000100000000)
  eden space 20992K, 0% used [0x00000000d5580000,0x00000000d5580000,0x00000000d6a00000)
  from space 1024K, 84% used [0x00000000d6b80000,0x00000000d6c58010,0x00000000d6c80000)
  to   space 1024K, 0% used [0x00000000d6a80000,0x00000000d6a80000,0x00000000d6b80000)
 ParOldGen       total 68608K, used 40803K [0x0000000080000000, 0x0000000084300000, 0x00000000d5580000)
  object space 68608K, 59% used [0x0000000080000000,0x00000000827d8e08,0x0000000084300000)
 Metaspace       used 63435K, committed 64768K, reserved 1114112K
  class space    used 8055K, committed 8640K, reserved 1048576K
}

