# JRE version: OpenJDK Runtime Environment Temurin-17.0.17+10 (17.0.17+10) (build 17.0.17+10)
# Java VM: OpenJDK 64-Bit Server VM Temurin-17.0.17+10 (17.0.17+10, mixed mode, sharing, tiered, compressed oops, compressed class ptrs, g1 gc, windows-amd64)
GC Precious Log:
 CPUs: 16 total, 16 available
 Memory: 15789M
 Large Page Support: Disabled
 NUMA Support: Disabled
 Compressed Oops: Enabled (32-bit)
 Heap Region Size: 1M
 Heap Min Capacity: 8M
 Heap Initial Capacity: 248M
 Heap Max Capacity: 1536M
 Pre-touch: Disabled
 Parallel Workers: 13
 Concurrent Workers: 3
 Concurrent Refinement Workers: 13
 Periodic GC: Disabled
Heap:
 garbage-first heap   total 254976K, used 219174K [0x00000000a0000000, 0x0000000100000000)
  region size 1024K, 21 young (21504K), 3 survivors (3072K)
 Metaspace       used 102335K, committed 103680K, reserved 1179648K
  class space    used 14177K, committed 14848K, reserved 1048576K
GC Heap History (20 events):
Event: 4607.710 GC heap before
{Heap before GC invocations=79 (full 0):
 garbage-first heap   total 254976K, used 216508K [0x00000000a0000000, 0x0000000100000000)
  region size 1024K, 39 young (39936K), 6 survivors (6144K)
 Metaspace       used 101840K, committed 103104K, reserved 1179648K
  class space    used 14103K, committed 14784K, reserved 1048576K
}
Event: 4607.718 GC heap after
{Heap after GC invocations=80 (full 0):
 garbage-first heap   total 254976K, used 188416K [0x00000000a0000000, 0x0000000100000000)
  region size 1024K, 5 young (5120K), 5 survivors (5120K)
 Metaspace       used 101840K, committed 103104K, reserved 1179648K
  class space    used 14103K, committed 14784K, reserved 1048576K
}
Event: 4607.915 GC heap before
{Heap before GC invocations=80 (full 0):
 garbage-first heap   total 254976K, used 217088K [0x00000000a0000000, 0x0000000100000000)
  region size 1024K, 33 young (33792K), 5 survivors (5120K)
 Metaspace       used 101932K, committed 103296K, reserved 1179648K
  class space    used 14110K, committed 14784K, reserved 1048576K
}
Event: 4607.921 GC heap after
{Heap after GC invocations=81 (full 0):
 garbage-first heap   total 254976K, used 194001K [0x00000000a0000000, 0x0000000100000000)
  region size 1024K, 5 young (5120K), 5 survivors (5120K)
 Metaspace       used 101932K, committed 103296K, reserved 1179648K
  class space    used 14110K, committed 14784K, reserved 1048576K
}
Event: 4608.427 GC heap before
{Heap before GC invocations=81 (full 0):
 garbage-first heap   total 254976K, used 217553K [0x00000000a0000000, 0x0000000100000000)
  region size 1024K, 28 young (28672K), 5 survivors (5120K)
 Metaspace       used 101932K, committed 103296K, reserved 1179648K
  class space    used 14110K, committed 14784K, reserved 1048576K
}
Event: 4608.429 GC heap after
{Heap after GC invocations=82 (full 0):
 garbage-first heap   total 254976K, used 194727K [0x00000000a0000000, 0x0000000100000000)
  region size 1024K, 1 young (1024K), 1 survivors (1024K)
 Metaspace       used 101932K, committed 103296K, reserved 1179648K
  class space    used 14110K, committed 14784K, reserved 1048576K
}
Event: 4608.976 GC heap before
{Heap before GC invocations=82 (full 0):
 garbage-first heap   total 254976K, used 219303K [0x00000000a0000000, 0x0000000100000000)
  region size 1024K, 25 young (25600K), 1 survivors (1024K)
 Metaspace       used 101932K, committed 103296K, reserved 1179648K
  class space    used 14110K, committed 14784K, reserved 1048576K
}
Event: 4608.976 GC heap after
{Heap after GC invocations=83 (full 0):
 garbage-first heap   total 254976K, used 194481K [0x00000000a0000000, 0x0000000100000000)
  region size 1024K, 1 young (1024K), 1 survivors (1024K)
 Metaspace       used 101932K, committed 103296K, reserved 1179648K
  class space    used 14110K, committed 14784K, reserved 1048576K
}
Event: 4609.594 GC heap before
{Heap before GC invocations=83 (full 0):
 garbage-first heap   total 254976K, used 220081K [0x00000000a0000000, 0x0000000100000000)
  region size 1024K, 26 young (26624K), 1 survivors (1024K)
 Metaspace       used 101932K, committed 103296K, reserved 1179648K
  class space    used 14110K, committed 14784K, reserved 1048576K
}
Event: 4609.594 GC heap after
{Heap after GC invocations=84 (full 0):
 garbage-first heap   total 254976K, used 194326K [0x00000000a0000000, 0x0000000100000000)
  region size 1024K, 1 young (1024K), 1 survivors (1024K)
 Metaspace       used 101932K, committed 103296K, reserved 1179648K
  class space    used 14110K, committed 14784K, reserved 1048576K
}
Event: 4733.214 GC heap before
{Heap before GC invocations=84 (full 0):
 garbage-first heap   total 254976K, used 221974K [0x00000000a0000000, 0x0000000100000000)
  region size 1024K, 28 young (28672K), 1 survivors (1024K)
 Metaspace       used 101932K, committed 103296K, reserved 1179648K
  class space    used 14110K, committed 14784K, reserved 1048576K
}
Event: 4733.216 GC heap after
{Heap after GC invocations=85 (full 0):
 garbage-first heap   total 254976K, used 194290K [0x00000000a0000000, 0x0000000100000000)
  region size 1024K, 1 young (1024K), 1 survivors (1024K)
 Metaspace       used 101932K, committed 103296K, reserved 1179648K
  class space    used 14110K, committed 14784K, reserved 1048576K
}
Event: 6205.208 GC heap before
{Heap before GC invocations=85 (full 0):
 garbage-first heap   total 254976K, used 222962K [0x00000000a0000000, 0x0000000100000000)
  region size 1024K, 29 young (29696K), 1 survivors (1024K)
 Metaspace       used 101932K, committed 103296K, reserved 1179648K
  class space    used 14110K, committed 14784K, reserved 1048576K
}
Event: 6205.209 GC heap after
{Heap after GC invocations=86 (full 0):
 garbage-first heap   total 254976K, used 194286K [0x00000000a0000000, 0x0000000100000000)
  region size 1024K, 1 young (1024K), 1 survivors (1024K)
 Metaspace       used 101932K, committed 103296K, reserved 1179648K
  class space    used 14110K, committed 14784K, reserved 1048576K
}
Event: 7487.924 GC heap before
{Heap before GC invocations=86 (full 0):
 garbage-first heap   total 254976K, used 222958K [0x00000000a0000000, 0x0000000100000000)
  region size 1024K, 30 young (30720K), 1 survivors (1024K)
 Metaspace       used 101958K, committed 103296K, reserved 1179648K
  class space    used 14114K, committed 14784K, reserved 1048576K
}
Event: 7487.926 GC heap after
{Heap after GC invocations=87 (full 0):
 garbage-first heap   total 254976K, used 195795K [0x00000000a0000000, 0x0000000100000000)
  region size 1024K, 2 young (2048K), 2 survivors (2048K)
 Metaspace       used 101958K, committed 103296K, reserved 1179648K
  class space    used 14114K, committed 14784K, reserved 1048576K
}
Event: 7488.365 GC heap before
{Heap before GC invocations=87 (full 0):
 garbage-first heap   total 254976K, used 222419K [0x00000000a0000000, 0x0000000100000000)
  region size 1024K, 29 young (29696K), 2 survivors (2048K)
 Metaspace       used 102239K, committed 103552K, reserved 1179648K
  class space    used 14171K, committed 14848K, reserved 1048576K
}
Event: 7488.368 GC heap after
{Heap after GC invocations=88 (full 0):
 garbage-first heap   total 254976K, used 199497K [0x00000000a0000000, 0x0000000100000000)
  region size 1024K, 4 young (4096K), 4 survivors (4096K)
 Metaspace       used 102239K, committed 103552K, reserved 1179648K
  class space    used 14171K, committed 14848K, reserved 1048576K
}
Event: 7491.527 GC heap before
{Heap before GC invocations=88 (full 0):
 garbage-first heap   total 254976K, used 222025K [0x00000000a0000000, 0x0000000100000000)
  region size 1024K, 26 young (26624K), 4 survivors (4096K)
 Metaspace       used 102290K, committed 103616K, reserved 1179648K
  class space    used 14172K, committed 14848K, reserved 1048576K
}
Event: 7491.531 GC heap after
{Heap after GC invocations=89 (full 0):
 garbage-first heap   total 254976K, used 201766K [0x00000000a0000000, 0x0000000100000000)
  region size 1024K, 3 young (3072K), 3 survivors (3072K)
 Metaspace       used 102290K, committed 103616K, reserved 1179648K
  class space    used 14172K, committed 14848K, reserved 1048576K
}

